[ 50%] [32mBuilding CXX object CMakeFiles/turtle_control.dir/src/turtle_control.cpp.o[0m
[01m[K/home/ribfli/test_ws/src/turtle_control_pkg/src/turtle_control.cpp:7:1:[m[K [01;31m[Kerror: [m[Ka storage class can only be specified for objects and functions
    7 | [01;31m[Kextern[m[K class GoToTarget;
      | [01;31m[K^~~~~~[m[K
gmake[2]: *** [CMakeFiles/turtle_control.dir/build.make:76: CMakeFiles/turtle_control.dir/src/turtle_control.cpp.o] Error 1
gmake[1]: *** [CMakeFiles/Makefile2:137: CMakeFiles/turtle_control.dir/all] Error 2
gmake: *** [Makefile:146: all] Error 2
