[0.334s] Invoking command in '/home/ribfli/test_ws/build/turtle_control_pkg': CMAKE_PREFIX_PATH=${CMAKE_PREFIX_PATH}:/opt/ros/jazzy DEBUGINFOD_URLS=https://debuginfod.ubuntu.com /usr/bin/cmake --build /home/ribfli/test_ws/build/turtle_control_pkg -- -j8 -l8
[0.419s] [ 50%] [32mBuilding CXX object CMakeFiles/turtle_control.dir/src/turtle_control.cpp.o[0m
[3.044s] In file included from [01m[K/home/ribfli/test_ws/src/turtle_control_pkg/src/turtle_control.cpp:5[m[K:
[3.045s] [01m[K/home/ribfli/test_ws/src/turtle_control_pkg/include/turtle_control_pkg/bt_control.hpp:[m[K In member function â€˜[01m[Kvoid GoToTarget::[01;32m[KodomCallback[m[K(nav_msgs::msg::Odometry_<std::allocator<void> >::SharedPtr)[m[Kâ€™:
[3.045s] [01m[K/home/ribfli/test_ws/src/turtle_control_pkg/include/turtle_control_pkg/bt_control.hpp:109:22:[m[K [01;31m[Kerror: [m[Kâ€˜[01m[Ktf2[m[Kâ€™ has not been declared
[3.045s]   109 |         robot_yaw_ = [01;31m[Ktf2[m[K::getYaw(msg->pose.pose.orientation);
[3.045s]       |                      [01;31m[K^~~[m[K
[3.046s] [01m[K/home/ribfli/test_ws/src/turtle_control_pkg/src/turtle_control.cpp:[m[K At global scope:
[3.046s] [01m[K/home/ribfli/test_ws/src/turtle_control_pkg/src/turtle_control.cpp:7:1:[m[K [01;31m[Kerror: [m[Ka storage class can only be specified for objects and functions
[3.046s]     7 | [01;31m[Kextern[m[K class GoToTarget;
[3.046s]       | [01;31m[K^~~~~~[m[K
[3.046s] [01m[K/home/ribfli/test_ws/src/turtle_control_pkg/src/turtle_control.cpp:9:5:[m[K [01;31m[Kerror: [m[Kredefinition of â€˜[01m[Kint[01;32m[K main[m[K(int, char**)[m[Kâ€™
[3.046s]     9 | int [01;31m[Kmain[m[K(int argc, char **argv)
[3.046s]       |     [01;31m[K^~~~[m[K
[3.046s] [01m[K/home/ribfli/test_ws/src/turtle_control_pkg/include/turtle_control_pkg/bt_control.hpp:134:5:[m[K [01;36m[Knote: [m[Kâ€˜[01m[Kint[01;32m[K main[m[K(int, char**)[m[Kâ€™ previously defined here
[3.046s]   134 | int [01;36m[Kmain[m[K(int argc, char **argv)
[3.047s]       |     [01;36m[K^~~~[m[K
[6.156s] gmake[2]: *** [CMakeFiles/turtle_control.dir/build.make:76: CMakeFiles/turtle_control.dir/src/turtle_control.cpp.o] Error 1
[6.157s] gmake[1]: *** [CMakeFiles/Makefile2:137: CMakeFiles/turtle_control.dir/all] Error 2
[6.158s] gmake: *** [Makefile:146: all] Error 2
[6.164s] Invoked command in '/home/ribfli/test_ws/build/turtle_control_pkg' returned '2': CMAKE_PREFIX_PATH=${CMAKE_PREFIX_PATH}:/opt/ros/jazzy DEBUGINFOD_URLS=https://debuginfod.ubuntu.com /usr/bin/cmake --build /home/ribfli/test_ws/build/turtle_control_pkg -- -j8 -l8
