[0.282s] Invoking command in '/home/ribfli/test_ws/build/turtle_control_pkg': CMAKE_PREFIX_PATH=${CMAKE_PREFIX_PATH}:/opt/ros/jazzy DEBUGINFOD_URLS=https://debuginfod.ubuntu.com /usr/bin/cmake /home/ribfli/test_ws/src/turtle_control_pkg -DCMAKE_INSTALL_PREFIX=/home/ribfli/test_ws/install/turtle_control_pkg
[0.355s] -- The C compiler identification is GNU 13.3.0
[0.430s] -- The CXX compiler identification is GNU 13.3.0
[0.453s] -- Detecting C compiler ABI info
[0.561s] -- Detecting C compiler ABI info - done
[0.571s] -- Check for working C compiler: /usr/bin/cc - skipped
[0.572s] -- Detecting C compile features
[0.572s] -- Detecting C compile features - done
[0.585s] -- Detecting CXX compiler ABI info
[0.704s] -- Detecting CXX compiler ABI info - done
[0.725s] -- Check for working CXX compiler: /usr/bin/c++ - skipped
[0.726s] -- Detecting CXX compile features
[0.727s] -- Detecting CXX compile features - done
[0.733s] -- Found ament_cmake: 2.5.4 (/opt/ros/jazzy/share/ament_cmake/cmake)
[0.919s] -- Found Python3: /usr/bin/python3 (found version "3.12.3") found components: Interpreter 
[1.074s] -- Found rclcpp: 28.1.13 (/opt/ros/jazzy/share/rclcpp/cmake)
[1.153s] -- Found rosidl_generator_c: 4.6.6 (/opt/ros/jazzy/share/rosidl_generator_c/cmake)
[1.179s] -- Found rosidl_generator_cpp: 4.6.6 (/opt/ros/jazzy/share/rosidl_generator_cpp/cmake)
[1.208s] -- Using all available rosidl_typesupport_c: rosidl_typesupport_fastrtps_c;rosidl_typesupport_introspection_c
[1.239s] -- Using all available rosidl_typesupport_cpp: rosidl_typesupport_fastrtps_cpp;rosidl_typesupport_introspection_cpp
[1.362s] -- Found rmw_implementation_cmake: 7.3.2 (/opt/ros/jazzy/share/rmw_implementation_cmake/cmake)
[1.368s] -- Found rmw_fastrtps_cpp: 8.4.3 (/opt/ros/jazzy/share/rmw_fastrtps_cpp/cmake)
[1.488s] -- Found OpenSSL: /usr/lib/x86_64-linux-gnu/libcrypto.so (found version "3.0.13")  
[1.518s] -- Found FastRTPS: /opt/ros/jazzy/include (Required is at least version "2.13") 
[1.550s] -- Using RMW implementation 'rmw_fastrtps_cpp' as default
[1.663s] -- Found nav_msgs: 5.3.6 (/opt/ros/jazzy/share/nav_msgs/cmake)
[1.752s] -- Found sensor_msgs: 5.3.6 (/opt/ros/jazzy/share/sensor_msgs/cmake)
[1.793s] -- Found ament_lint_auto: 0.17.3 (/opt/ros/jazzy/share/ament_lint_auto/cmake)
[1.930s] -- Added test 'cppcheck' to perform static code analysis on C / C++ code
[1.930s] -- Configured cppcheck include dirs: $<BUILD_INTERFACE:/home/ribfli/test_ws/src/turtle_control_pkg/include>
[1.931s] -- Configured cppcheck exclude dirs and/or files: 
[1.932s] -- Added test 'lint_cmake' to check CMake code style
[1.934s] -- Added test 'uncrustify' to check C / C++ code style
[1.934s] -- Configured uncrustify additional arguments: 
[1.935s] -- Added test 'xmllint' to check XML markup files
[1.937s] -- Configuring done (1.6s)
[1.950s] -- Generating done (0.0s)
[1.954s] -- Build files have been written to: /home/ribfli/test_ws/build/turtle_control_pkg
[1.965s] Invoked command in '/home/ribfli/test_ws/build/turtle_control_pkg' returned '0': CMAKE_PREFIX_PATH=${CMAKE_PREFIX_PATH}:/opt/ros/jazzy DEBUGINFOD_URLS=https://debuginfod.ubuntu.com /usr/bin/cmake /home/ribfli/test_ws/src/turtle_control_pkg -DCMAKE_INSTALL_PREFIX=/home/ribfli/test_ws/install/turtle_control_pkg
[1.967s] Invoking command in '/home/ribfli/test_ws/build/turtle_control_pkg': CMAKE_PREFIX_PATH=${CMAKE_PREFIX_PATH}:/opt/ros/jazzy DEBUGINFOD_URLS=https://debuginfod.ubuntu.com /usr/bin/cmake --build /home/ribfli/test_ws/build/turtle_control_pkg -- -j8 -l8
[2.027s] [ 50%] [32mBuilding CXX object CMakeFiles/turtle_control.dir/src/turtle_control.cpp.o[0m
[2.039s] In file included from [01m[K/home/ribfli/test_ws/src/turtle_control_pkg/src/turtle_control.cpp:2[m[K:
[2.039s] [01m[K/home/ribfli/test_ws/src/turtle_control_pkg/include/turtle_control_pkg/bt_control.hpp:1:10:[m[K [01;31m[Kfatal error: [m[Kbehaviortree_cpp/action_node.h: No such file or directory
[2.039s]     1 | #include [01;31m[K<behaviortree_cpp/action_node.h>[m[K
[2.039s]       |          [01;31m[K^~~~~~~~~~~~~~~~~~~~~~~~~~~~~~~~[m[K
[2.039s] compilation terminated.
[2.040s] gmake[2]: *** [CMakeFiles/turtle_control.dir/build.make:76: CMakeFiles/turtle_control.dir/src/turtle_control.cpp.o] Error 1
[2.040s] gmake[1]: *** [CMakeFiles/Makefile2:137: CMakeFiles/turtle_control.dir/all] Error 2
[2.040s] gmake: *** [Makefile:146: all] Error 2
[2.043s] Invoked command in '/home/ribfli/test_ws/build/turtle_control_pkg' returned '2': CMAKE_PREFIX_PATH=${CMAKE_PREFIX_PATH}:/opt/ros/jazzy DEBUGINFOD_URLS=https://debuginfod.ubuntu.com /usr/bin/cmake --build /home/ribfli/test_ws/build/turtle_control_pkg -- -j8 -l8
