[ 50%] [32mBuilding CXX object CMakeFiles/turtle_control.dir/src/turtle_control.cpp.o[0m
[01m[K/home/ribfli/test_ws/src/turtle_control_pkg/src/turtle_control.cpp:6:1:[m[K [01;31m[Kerror: [m[Ka storage class can only be specified for objects and functions
    6 | [01;31m[Kextern[m[K class GoToTarget;
      | [01;31m[K^~~~~~[m[K
[01m[K/home/ribfli/test_ws/src/turtle_control_pkg/src/turtle_control.cpp:[m[K In function â€˜[01m[Kint[01;32m[K main[m[K(int, char**)[m[Kâ€™:
[01m[K/home/ribfli/test_ws/src/turtle_control_pkg/src/turtle_control.cpp:19:14:[m[K [01;31m[Kerror: [m[Kâ€˜[01m[Kclass BT::Tree[m[Kâ€™ has no member named â€˜[01m[KtickWhileRunning[m[Kâ€™; did you mean â€˜[01m[KtickRootWhileRunning[m[Kâ€™?
   19 |         tree.[01;31m[KtickWhileRunning[m[K();
      |              [01;31m[K^~~~~~~~~~~~~~~~[m[K
      |              [32m[KtickRootWhileRunning[m[K
In file included from [01m[K/usr/include/c++/13/bits/move.h:37[m[K,
                 from [01m[K/usr/include/c++/13/bits/stl_function.h:60[m[K,
                 from [01m[K/usr/include/c++/13/functional:49[m[K,
                 from [01m[K/usr/local/include/behaviortree_cpp_v3/bt_factory.h:17[m[K,
                 from [01m[K/home/ribfli/test_ws/src/turtle_control_pkg/src/turtle_control.cpp:2[m[K:
/usr/include/c++/13/type_traits: In instantiation of â€˜[01m[Kstruct std::is_base_of<BT::ActionNodeBase, GoToTarget>[m[Kâ€™:
[01m[K/usr/local/include/behaviortree_cpp_v3/bt_factory.h:366:55:[m[K   required from â€˜[01m[Kvoid BT::BehaviorTreeFactory::[01;32m[KregisterNodeType[m[K(const std::string&) [35m[K[with T = GoToTarget; std::string = std::__cxx11::basic_string<char>][m[K[m[Kâ€™
[01m[K/home/ribfli/test_ws/src/turtle_control_pkg/src/turtle_control.cpp:13:41:[m[K   required from here
[01m[K/usr/include/c++/13/type_traits:1411:38:[m[K [01;31m[Kerror: [m[Kinvalid use of incomplete type â€˜[01m[Kclass GoToTarget[m[Kâ€™
 1411 |     : public integral_constant<bool, [01;31m[K__is_base_of(_Base, _Derived)[m[K>
      |                                      [01;31m[K^~~~~~~~~~~~~~~~~~~~~~~~~~~~~[m[K
[01m[K/home/ribfli/test_ws/src/turtle_control_pkg/src/turtle_control.cpp:6:14:[m[K [01;36m[Knote: [m[Kforward declaration of â€˜[01m[Kclass GoToTarget[m[Kâ€™
    6 | extern class [01;36m[KGoToTarget[m[K;
      |              [01;36m[K^~~~~~~~~~[m[K
/usr/local/include/behaviortree_cpp_v3/bt_factory.h: In instantiation of â€˜[01m[Kvoid BT::BehaviorTreeFactory::[01;32m[KregisterNodeType[m[K(const std::string&) [35m[K[with T = GoToTarget; std::string = std::__cxx11::basic_string<char>][m[K[m[Kâ€™:
[01m[K/home/ribfli/test_ws/src/turtle_control_pkg/src/turtle_control.cpp:13:41:[m[K   required from here
[01m[K/usr/local/include/behaviortree_cpp_v3/bt_factory.h:366:55:[m[K [01;31m[Kerror: [m[Kâ€˜[01m[Kvalue[m[Kâ€™ is not a member of â€˜[01m[Kstd::is_base_of<BT::ActionNodeBase, GoToTarget>[m[Kâ€™
  366 |     static_assert(std::is_base_of<ActionNodeBase, T>::[01;31m[Kvalue[m[K ||
      |                                                       [01;31m[K^~~~~[m[K
/usr/include/c++/13/type_traits: In instantiation of â€˜[01m[Kstruct std::is_base_of<BT::ControlNode, GoToTarget>[m[Kâ€™:
[01m[K/usr/local/include/behaviortree_cpp_v3/bt_factory.h:367:56:[m[K   required from â€˜[01m[Kvoid BT::BehaviorTreeFactory::[01;32m[KregisterNodeType[m[K(const std::string&) [35m[K[with T = GoToTarget; std::string = std::__cxx11::basic_string<char>][m[K[m[Kâ€™
[01m[K/home/ribfli/test_ws/src/turtle_control_pkg/src/turtle_control.cpp:13:41:[m[K   required from here
[01m[K/usr/include/c++/13/type_traits:1411:38:[m[K [01;31m[Kerror: [m[Kinvalid use of incomplete type â€˜[01m[Kclass GoToTarget[m[Kâ€™
 1411 |     : public integral_constant<bool, [01;31m[K__is_base_of(_Base, _Derived)[m[K>
      |                                      [01;31m[K^~~~~~~~~~~~~~~~~~~~~~~~~~~~~[m[K
[01m[K/home/ribfli/test_ws/src/turtle_control_pkg/src/turtle_control.cpp:6:14:[m[K [01;36m[Knote: [m[Kforward declaration of â€˜[01m[Kclass GoToTarget[m[Kâ€™
    6 | extern class [01;36m[KGoToTarget[m[K;
      |              [01;36m[K^~~~~~~~~~[m[K
/usr/local/include/behaviortree_cpp_v3/bt_factory.h: In instantiation of â€˜[01m[Kvoid BT::BehaviorTreeFactory::[01;32m[KregisterNodeType[m[K(const std::string&) [35m[K[with T = GoToTarget; std::string = std::__cxx11::basic_string<char>][m[K[m[Kâ€™:
[01m[K/home/ribfli/test_ws/src/turtle_control_pkg/src/turtle_control.cpp:13:41:[m[K   required from here
[01m[K/usr/local/include/behaviortree_cpp_v3/bt_factory.h:367:56:[m[K [01;31m[Kerror: [m[Kâ€˜[01m[Kvalue[m[Kâ€™ is not a member of â€˜[01m[Kstd::is_base_of<BT::ControlNode, GoToTarget>[m[Kâ€™
  367 |                       std::is_base_of<ControlNode, T>::[01;31m[Kvalue[m[K ||
      |                                                        [01;31m[K^~~~~[m[K
/usr/include/c++/13/type_traits: In instantiation of â€˜[01m[Kstruct std::is_base_of<BT::DecoratorNode, GoToTarget>[m[Kâ€™:
[01m[K/usr/local/include/behaviortree_cpp_v3/bt_factory.h:368:58:[m[K   required from â€˜[01m[Kvoid BT::BehaviorTreeFactory::[01;32m[KregisterNodeType[m[K(const std::string&) [35m[K[with T = GoToTarget; std::string = std::__cxx11::basic_string<char>][m[K[m[Kâ€™
[01m[K/home/ribfli/test_ws/src/turtle_control_pkg/src/turtle_control.cpp:13:41:[m[K   required from here
[01m[K/usr/include/c++/13/type_traits:1411:38:[m[K [01;31m[Kerror: [m[Kinvalid use of incomplete type â€˜[01m[Kclass GoToTarget[m[Kâ€™
 1411 |     : public integral_constant<bool, [01;31m[K__is_base_of(_Base, _Derived)[m[K>
      |                                      [01;31m[K^~~~~~~~~~~~~~~~~~~~~~~~~~~~~[m[K
[01m[K/home/ribfli/test_ws/src/turtle_control_pkg/src/turtle_control.cpp:6:14:[m[K [01;36m[Knote: [m[Kforward declaration of â€˜[01m[Kclass GoToTarget[m[Kâ€™
    6 | extern class [01;36m[KGoToTarget[m[K;
      |              [01;36m[K^~~~~~~~~~[m[K
/usr/local/include/behaviortree_cpp_v3/bt_factory.h: In instantiation of â€˜[01m[Kvoid BT::BehaviorTreeFactory::[01;32m[KregisterNodeType[m[K(const std::string&) [35m[K[with T = GoToTarget; std::string = std::__cxx11::basic_string<char>][m[K[m[Kâ€™:
[01m[K/home/ribfli/test_ws/src/turtle_control_pkg/src/turtle_control.cpp:13:41:[m[K   required from here
[01m[K/usr/local/include/behaviortree_cpp_v3/bt_factory.h:368:58:[m[K [01;31m[Kerror: [m[Kâ€˜[01m[Kvalue[m[Kâ€™ is not a member of â€˜[01m[Kstd::is_base_of<BT::DecoratorNode, GoToTarget>[m[Kâ€™
  368 |                       std::is_base_of<DecoratorNode, T>::[01;31m[Kvalue[m[K ||
      |                                                          [01;31m[K^~~~~[m[K
/usr/include/c++/13/type_traits: In instantiation of â€˜[01m[Kstruct std::is_base_of<BT::ConditionNode, GoToTarget>[m[Kâ€™:
[01m[K/usr/local/include/behaviortree_cpp_v3/bt_factory.h:369:58:[m[K   required from â€˜[01m[Kvoid BT::BehaviorTreeFactory::[01;32m[KregisterNodeType[m[K(const std::string&) [35m[K[with T = GoToTarget; std::string = std::__cxx11::basic_string<char>][m[K[m[Kâ€™
[01m[K/home/ribfli/test_ws/src/turtle_control_pkg/src/turtle_control.cpp:13:41:[m[K   required from here
[01m[K/usr/include/c++/13/type_traits:1411:38:[m[K [01;31m[Kerror: [m[Kinvalid use of incomplete type â€˜[01m[Kclass GoToTarget[m[Kâ€™
 1411 |     : public integral_constant<bool, [01;31m[K__is_base_of(_Base, _Derived)[m[K>
      |                                      [01;31m[K^~~~~~~~~~~~~~~~~~~~~~~~~~~~~[m[K
[01m[K/home/ribfli/test_ws/src/turtle_control_pkg/src/turtle_control.cpp:6:14:[m[K [01;36m[Knote: [m[Kforward declaration of â€˜[01m[Kclass GoToTarget[m[Kâ€™
    6 | extern class [01;36m[KGoToTarget[m[K;
      |              [01;36m[K^~~~~~~~~~[m[K
/usr/local/include/behaviortree_cpp_v3/bt_factory.h: In instantiation of â€˜[01m[Kvoid BT::BehaviorTreeFactory::[01;32m[KregisterNodeType[m[K(const std::string&) [35m[K[with T = GoToTarget; std::string = std::__cxx11::basic_string<char>][m[K[m[Kâ€™:
[01m[K/home/ribfli/test_ws/src/turtle_control_pkg/src/turtle_control.cpp:13:41:[m[K   required from here
[01m[K/usr/local/include/behaviortree_cpp_v3/bt_factory.h:369:58:[m[K [01;31m[Kerror: [m[Kâ€˜[01m[Kvalue[m[Kâ€™ is not a member of â€˜[01m[Kstd::is_base_of<BT::ConditionNode, GoToTarget>[m[Kâ€™
  369 |                       std::is_base_of<ConditionNode, T>::[01;31m[Kvalue[m[K,
      |                                                          [01;31m[K^~~~~[m[K
/usr/include/c++/13/type_traits: In instantiation of â€˜[01m[Kstruct std::is_abstract<GoToTarget>[m[Kâ€™:
[01m[K/usr/local/include/behaviortree_cpp_v3/bt_factory.h:374:41:[m[K   required from â€˜[01m[Kvoid BT::BehaviorTreeFactory::[01;32m[KregisterNodeType[m[K(const std::string&) [35m[K[with T = GoToTarget; std::string = std::__cxx11::basic_string<char>][m[K[m[Kâ€™
[01m[K/home/ribfli/test_ws/src/turtle_control_pkg/src/turtle_control.cpp:13:41:[m[K   required from here
[01m[K/usr/include/c++/13/type_traits:865:38:[m[K [01;31m[Kerror: [m[Kinvalid use of incomplete type â€˜[01m[Kclass GoToTarget[m[Kâ€™ [[01;31m[K]8;;https://gcc.gnu.org/onlinedocs/gcc/Warning-Options.html#index-fpermissive-fpermissive]8;;[m[K]
  865 |     : public integral_constant<bool, [01;31m[K__is_abstract(_Tp)[m[K>
      |                                      [01;31m[K^~~~~~~~~~~~~~~~~~[m[K
[01m[K/home/ribfli/test_ws/src/turtle_control_pkg/src/turtle_control.cpp:6:14:[m[K [01;36m[Knote: [m[Kforward declaration of â€˜[01m[Kclass GoToTarget[m[Kâ€™
    6 | extern class [01;36m[KGoToTarget[m[K;
      |              [01;36m[K^~~~~~~~~~[m[K
/usr/local/include/behaviortree_cpp_v3/bt_factory.h: In instantiation of â€˜[01m[Kvoid BT::BehaviorTreeFactory::[01;32m[KregisterNodeType[m[K(const std::string&) [35m[K[with T = GoToTarget; std::string = std::__cxx11::basic_string<char>][m[K[m[Kâ€™:
[01m[K/home/ribfli/test_ws/src/turtle_control_pkg/src/turtle_control.cpp:13:41:[m[K   required from here
[01m[K/usr/local/include/behaviortree_cpp_v3/bt_factory.h:374:41:[m[K [01;31m[Kerror: [m[Kâ€˜[01m[Kvalue[m[Kâ€™ is not a member of â€˜[01m[Kstd::is_abstract<GoToTarget>[m[Kâ€™
  374 |     static_assert(!std::is_abstract<T>::[01;31m[Kvalue[m[K, "[registerNode]: Some methods are pure "
      |                                         [01;31m[K^~~~~[m[K
/usr/include/c++/13/type_traits: In substitution of â€˜[01m[Ktemplate<class _Tp, class ... _Args> using std::__is_constructible_impl = std::__bool_constant<__is_constructible(_Tp, _Args ...)> [35m[K[with _Tp = GoToTarget; _Args = {const std::__cxx11::basic_string<char, std::char_traits<char>, std::allocator<char> >&}][m[K[m[Kâ€™:
[01m[K/usr/include/c++/13/type_traits:1045:12:[m[K   required from â€˜[01m[Kstruct std::is_constructible<GoToTarget, const std::__cxx11::basic_string<char, std::char_traits<char>, std::allocator<char> >&>[m[Kâ€™
[01m[K/usr/local/include/behaviortree_cpp_v3/bt_factory.h:380:55:[m[K   required from â€˜[01m[Kvoid BT::BehaviorTreeFactory::[01;32m[KregisterNodeType[m[K(const std::string&) [35m[K[with T = GoToTarget; std::string = std::__cxx11::basic_string<char>][m[K[m[Kâ€™
[01m[K/home/ribfli/test_ws/src/turtle_control_pkg/src/turtle_control.cpp:13:41:[m[K   required from here
[01m[K/usr/include/c++/13/type_traits:1040:25:[m[K [01;31m[Kerror: [m[Kinvalid use of incomplete type â€˜[01m[Kclass GoToTarget[m[Kâ€™ [[01;31m[K]8;;https://gcc.gnu.org/onlinedocs/gcc/Warning-Options.html#index-fpermissive-fpermissive]8;;[m[K]
 1040 |       = __bool_constant<[01;31m[K__is_constructible(_Tp, _Args...)[m[K>;
      |                         [01;31m[K^~~~~~~~~~~~~~~~~~~~~~~~~~~~~~~~~[m[K
[01m[K/home/ribfli/test_ws/src/turtle_control_pkg/src/turtle_control.cpp:6:14:[m[K [01;36m[Knote: [m[Kforward declaration of â€˜[01m[Kclass GoToTarget[m[Kâ€™
    6 | extern class [01;36m[KGoToTarget[m[K;
      |              [01;36m[K^~~~~~~~~~[m[K
/usr/include/c++/13/type_traits: In instantiation of â€˜[01m[Kstruct std::is_constructible<GoToTarget, const std::__cxx11::basic_string<char, std::char_traits<char>, std::allocator<char> >&>[m[Kâ€™:
[01m[K/usr/local/include/behaviortree_cpp_v3/bt_factory.h:380:55:[m[K   required from â€˜[01m[Kvoid BT::BehaviorTreeFactory::[01;32m[KregisterNodeType[m[K(const std::string&) [35m[K[with T = GoToTarget; std::string = std::__cxx11::basic_string<char>][m[K[m[Kâ€™
[01m[K/home/ribfli/test_ws/src/turtle_control_pkg/src/turtle_control.cpp:13:41:[m[K   required from here
[01m[K/usr/include/c++/13/type_traits:1048:52:[m[K [01;31m[Kerror: [m[Kstatic assertion failed: template argument must be a complete class or an unbounded array
 1048 |       static_assert([01;31m[Kstd::__is_complete_or_unbounded(__type_identity<_Tp>{})[m[K,
      |                     [01;31m[K~~~~~~~~~~~~~~~~~~~~~~~~~~~~~~~^~~~~~~~~~~~~~~~~~~~~~~~[m[K
[01m[K/usr/include/c++/13/type_traits:1048:52:[m[K [01;36m[Knote: [m[Kâ€˜[01m[Kstd::__is_complete_or_unbounded<__type_identity<GoToTarget> >((std::__type_identity<GoToTarget>(), std::__type_identity<GoToTarget>()))[m[Kâ€™ evaluates to false
/usr/local/include/behaviortree_cpp_v3/bt_factory.h: In instantiation of â€˜[01m[Kvoid BT::BehaviorTreeFactory::[01;32m[KregisterNodeType[m[K(const std::string&) [35m[K[with T = GoToTarget; std::string = std::__cxx11::basic_string<char>][m[K[m[Kâ€™:
[01m[K/home/ribfli/test_ws/src/turtle_control_pkg/src/turtle_control.cpp:13:41:[m[K   required from here
[01m[K/usr/local/include/behaviortree_cpp_v3/bt_factory.h:380:55:[m[K [01;31m[Kerror: [m[Kâ€˜[01m[Kvalue[m[Kâ€™ is not a member of â€˜[01m[Kstd::is_constructible<GoToTarget, const std::__cxx11::basic_string<char, std::char_traits<char>, std::allocator<char> >&>[m[Kâ€™
  380 |         std::is_constructible<T, const std::string&>::[01;31m[Kvalue[m[K;
      |                                                       [01;31m[K^~~~~[m[K
/usr/include/c++/13/type_traits: In substitution of â€˜[01m[Ktemplate<class _Tp, class ... _Args> using std::__is_constructible_impl = std::__bool_constant<__is_constructible(_Tp, _Args ...)> [35m[K[with _Tp = GoToTarget; _Args = {const std::__cxx11::basic_string<char, std::char_traits<char>, std::allocator<char> >&, const BT::NodeConfiguration&}][m[K[m[Kâ€™:
[01m[K/usr/include/c++/13/type_traits:1045:12:[m[K   required from â€˜[01m[Kstruct std::is_constructible<GoToTarget, const std::__cxx11::basic_string<char, std::char_traits<char>, std::allocator<char> >&, const BT::NodeConfiguration&>[m[Kâ€™
[01m[K/usr/local/include/behaviortree_cpp_v3/bt_factory.h:382:81:[m[K   required from â€˜[01m[Kvoid BT::BehaviorTreeFactory::[01;32m[KregisterNodeType[m[K(const std::string&) [35m[K[with T = GoToTarget; std::string = std::__cxx11::basic_string<char>][m[K[m[Kâ€™
[01m[K/home/ribfli/test_ws/src/turtle_control_pkg/src/turtle_control.cpp:13:41:[m[K   required from here
[01m[K/usr/include/c++/13/type_traits:1040:25:[m[K [01;31m[Kerror: [m[Kinvalid use of incomplete type â€˜[01m[Kclass GoToTarget[m[Kâ€™ [[01;31m[K]8;;https://gcc.gnu.org/onlinedocs/gcc/Warning-Options.html#index-fpermissive-fpermissive]8;;[m[K]
 1040 |       = __bool_constant<[01;31m[K__is_constructible(_Tp, _Args...)[m[K>;
      |                         [01;31m[K^~~~~~~~~~~~~~~~~~~~~~~~~~~~~~~~~[m[K
[01m[K/home/ribfli/test_ws/src/turtle_control_pkg/src/turtle_control.cpp:6:14:[m[K [01;36m[Knote: [m[Kforward declaration of â€˜[01m[Kclass GoToTarget[m[Kâ€™
    6 | extern class [01;36m[KGoToTarget[m[K;
      |              [01;36m[K^~~~~~~~~~[m[K
/usr/include/c++/13/type_traits: In instantiation of â€˜[01m[Kstruct std::is_constructible<GoToTarget, const std::__cxx11::basic_string<char, std::char_traits<char>, std::allocator<char> >&, const BT::NodeConfiguration&>[m[Kâ€™:
[01m[K/usr/local/include/behaviortree_cpp_v3/bt_factory.h:382:81:[m[K   required from â€˜[01m[Kvoid BT::BehaviorTreeFactory::[01;32m[KregisterNodeType[m[K(const std::string&) [35m[K[with T = GoToTarget; std::string = std::__cxx11::basic_string<char>][m[K[m[Kâ€™
[01m[K/home/ribfli/test_ws/src/turtle_control_pkg/src/turtle_control.cpp:13:41:[m[K   required from here
[01m[K/usr/include/c++/13/type_traits:1048:52:[m[K [01;31m[Kerror: [m[Kstatic assertion failed: template argument must be a complete class or an unbounded array
 1048 |       static_assert([01;31m[Kstd::__is_complete_or_unbounded(__type_identity<_Tp>{})[m[K,
      |                     [01;31m[K~~~~~~~~~~~~~~~~~~~~~~~~~~~~~~~^~~~~~~~~~~~~~~~~~~~~~~~[m[K
[01m[K/usr/include/c++/13/type_traits:1048:52:[m[K [01;36m[Knote: [m[Kâ€˜[01m[Kstd::__is_complete_or_unbounded<__type_identity<GoToTarget> >((std::__type_identity<GoToTarget>(), std::__type_identity<GoToTarget>()))[m[Kâ€™ evaluates to false
/usr/local/include/behaviortree_cpp_v3/bt_factory.h: In instantiation of â€˜[01m[Kvoid BT::BehaviorTreeFactory::[01;32m[KregisterNodeType[m[K(const std::string&) [35m[K[with T = GoToTarget; std::string = std::__cxx11::basic_string<char>][m[K[m[Kâ€™:
[01m[K/home/ribfli/test_ws/src/turtle_control_pkg/src/turtle_control.cpp:13:41:[m[K   required from here
[01m[K/usr/local/include/behaviortree_cpp_v3/bt_factory.h:382:81:[m[K [01;31m[Kerror: [m[Kâ€˜[01m[Kvalue[m[Kâ€™ is not a member of â€˜[01m[Kstd::is_constructible<GoToTarget, const std::__cxx11::basic_string<char, std::char_traits<char>, std::allocator<char> >&, const BT::NodeConfiguration&>[m[Kâ€™
  382 | _constructible<T, const std::string&, const NodeConfiguration&>::[01;31m[Kvalue[m[K;
      |                                                                  [01;31m[K^~~~~[m[K

[01m[K/usr/local/include/behaviortree_cpp_v3/bt_factory.h:385:41:[m[K [01;31m[Kerror: [m[Knon-constant condition for static assertion
  385 |     static_assert([01;31m[Kdefault_constructable || param_constructable[m[K, "[registerNode]: the "
      |                   [01;31m[K~~~~~~~~~~~~~~~~~~~~~~^~~~~~~~~~~~~~~~~~~~~~[m[K
[01m[K/usr/local/include/behaviortree_cpp_v3/bt_factory.h:399:19:[m[K [01;31m[Kerror: [m[Knon-constant condition for static assertion
  399 |     static_assert([01;31m[K!(param_constructable && !has_static_ports_list)[m[K, "[registerNode]: you "
      |                   [01;31m[K^~~~~~~~~~~~~~~~~~~~~~~~~~~~~~~~~~~~~~~~~~~~~~~~[m[K
[01m[K/usr/local/include/behaviortree_cpp_v3/bt_factory.h:418:60:[m[K [01;31m[Kerror: [m[Kno matching function for call to â€˜[01m[KCreateBuilder<GoToTarget>()[m[Kâ€™
  418 |     registerBuilder(CreateManifest<T>(ID), [01;31m[KCreateBuilder<T>()[m[K);
      |                                            [01;31m[K~~~~~~~~~~~~~~~~^~[m[K
[01m[K/usr/local/include/behaviortree_cpp_v3/bt_factory.h:43:1:[m[K [01;36m[Knote: [m[Kcandidate: â€˜[01m[Ktemplate<class T> BT::NodeBuilder BT::[01;32m[KCreateBuilder[m[K(typename std::enable_if<(std::is_constructible<T, const std::__cxx11::basic_string<char, std::char_traits<char>, std::allocator<char> >&>::value && std::is_constructible<T, const std::__cxx11::basic_string<char, std::char_traits<char>, std::allocator<char> >&, const NodeConfiguration&>::value)>::type*)[m[Kâ€™
   43 | [01;36m[KCreateBuilder[m[K(typename std::enable_if<has_default_constructor<T>::value &&
      | [01;36m[K^~~~~~~~~~~~~[m[K
[01m[K/usr/local/include/behaviortree_cpp_v3/bt_factory.h:43:1:[m[K [01;36m[Knote: [m[K  template argument deduction/substitution failed:
/usr/local/include/behaviortree_cpp_v3/bt_factory.h: In substitution of â€˜[01m[Ktemplate<class T> BT::NodeBuilder BT::[01;32m[KCreateBuilder[m[K(typename std::enable_if<(std::is_constructible<T, const std::__cxx11::basic_string<char, std::char_traits<char>, std::allocator<char> >&>::value && std::is_constructible<T, const std::__cxx11::basic_string<char, std::char_traits<char>, std::allocator<char> >&, const NodeConfiguration&>::value)>::type*) [35m[K[with T = GoToTarget][m[K[m[Kâ€™:
[01m[K/usr/local/include/behaviortree_cpp_v3/bt_factory.h:418:60:[m[K   required from â€˜[01m[Kvoid BT::BehaviorTreeFactory::[01;32m[KregisterNodeType[m[K(const std::string&) [35m[K[with T = GoToTarget; std::string = std::__cxx11::basic_string<char>][m[K[m[Kâ€™
[01m[K/home/ribfli/test_ws/src/turtle_control_pkg/src/turtle_control.cpp:13:41:[m[K   required from here
[01m[K/usr/local/include/behaviortree_cpp_v3/bt_factory.h:43:67:[m[K [01;31m[Kerror: [m[Kâ€˜[01m[Kvalue[m[Kâ€™ is not a member of â€˜[01m[Kstd::is_constructible<GoToTarget, const std::__cxx11::basic_string<char, std::char_traits<char>, std::allocator<char> >&>[m[Kâ€™
   43 | ateBuilder(typename std::enable_if<has_default_constructor<T>::[01;31m[Kvalue[m[K &&
      |                                                                [01;31m[K^~~~~[m[K

[01m[K/usr/local/include/behaviortree_cpp_v3/bt_factory.h:44:66:[m[K [01;31m[Kerror: [m[Kâ€˜[01m[Kvalue[m[Kâ€™ is not a member of â€˜[01m[Kstd::is_constructible<GoToTarget, const std::__cxx11::basic_string<char, std::char_traits<char>, std::allocator<char> >&, const BT::NodeConfiguration&>[m[Kâ€™
   44 |                                  has_params_constructor<T>::[01;31m[Kvalue[m[K>::type* = nullptr)
      |                                                             [01;31m[K^~~~~[m[K

/usr/local/include/behaviortree_cpp_v3/bt_factory.h: In instantiation of â€˜[01m[Kvoid BT::BehaviorTreeFactory::[01;32m[KregisterNodeType[m[K(const std::string&) [35m[K[with T = GoToTarget; std::string = std::__cxx11::basic_string<char>][m[K[m[Kâ€™:
[01m[K/home/ribfli/test_ws/src/turtle_control_pkg/src/turtle_control.cpp:13:41:[m[K   required from here
[01m[K/usr/local/include/behaviortree_cpp_v3/bt_factory.h:59:1:[m[K [01;36m[Knote: [m[Kcandidate: â€˜[01m[Ktemplate<class T> BT::NodeBuilder BT::[01;32m[KCreateBuilder[m[K(typename std::enable_if<((! std::is_constructible<T, const std::__cxx11::basic_string<char, std::char_traits<char>, std::allocator<char> >&>::value) && std::is_constructible<T, const std::__cxx11::basic_string<char, std::char_traits<char>, std::allocator<char> >&, const NodeConfiguration&>::value)>::type*)[m[Kâ€™
   59 | [01;36m[KCreateBuilder[m[K(typename std::enable_if<!has_default_constructor<T>::value &&
      | [01;36m[K^~~~~~~~~~~~~[m[K
[01m[K/usr/local/include/behaviortree_cpp_v3/bt_factory.h:59:1:[m[K [01;36m[Knote: [m[K  template argument deduction/substitution failed:
/usr/local/include/behaviortree_cpp_v3/bt_factory.h: In substitution of â€˜[01m[Ktemplate<class T> BT::NodeBuilder BT::[01;32m[KCreateBuilder[m[K(typename std::enable_if<((! std::is_constructible<T, const std::__cxx11::basic_string<char, std::char_traits<char>, std::allocator<char> >&>::value) && std::is_constructible<T, const std::__cxx11::basic_string<char, std::char_traits<char>, std::allocator<char> >&, const NodeConfiguration&>::value)>::type*) [35m[K[with T = GoToTarget][m[K[m[Kâ€™:
[01m[K/usr/local/include/behaviortree_cpp_v3/bt_factory.h:418:60:[m[K   required from â€˜[01m[Kvoid BT::BehaviorTreeFactory::[01;32m[KregisterNodeType[m[K(const std::string&) [35m[K[with T = GoToTarget; std::string = std::__cxx11::basic_string<char>][m[K[m[Kâ€™
[01m[K/home/ribfli/test_ws/src/turtle_control_pkg/src/turtle_control.cpp:13:41:[m[K   required from here
[01m[K/usr/local/include/behaviortree_cpp_v3/bt_factory.h:59:68:[m[K [01;31m[Kerror: [m[Kâ€˜[01m[Kvalue[m[Kâ€™ is not a member of â€˜[01m[Kstd::is_constructible<GoToTarget, const std::__cxx11::basic_string<char, std::char_traits<char>, std::allocator<char> >&>[m[Kâ€™
   59 | teBuilder(typename std::enable_if<!has_default_constructor<T>::[01;31m[Kvalue[m[K &&
      |                                                                [01;31m[K^~~~~[m[K

[01m[K/usr/local/include/behaviortree_cpp_v3/bt_factory.h:60:66:[m[K [01;31m[Kerror: [m[Kâ€˜[01m[Kvalue[m[Kâ€™ is not a member of â€˜[01m[Kstd::is_constructible<GoToTarget, const std::__cxx11::basic_string<char, std::char_traits<char>, std::allocator<char> >&, const BT::NodeConfiguration&>[m[Kâ€™
   60 |                                  has_params_constructor<T>::[01;31m[Kvalue[m[K>::type* = nullptr)
      |                                                             [01;31m[K^~~~~[m[K

/usr/local/include/behaviortree_cpp_v3/bt_factory.h: In instantiation of â€˜[01m[Kvoid BT::BehaviorTreeFactory::[01;32m[KregisterNodeType[m[K(const std::string&) [35m[K[with T = GoToTarget; std::string = std::__cxx11::basic_string<char>][m[K[m[Kâ€™:
[01m[K/home/ribfli/test_ws/src/turtle_control_pkg/src/turtle_control.cpp:13:41:[m[K   required from here
[01m[K/usr/local/include/behaviortree_cpp_v3/bt_factory.h:69:1:[m[K [01;36m[Knote: [m[Kcandidate: â€˜[01m[Ktemplate<class T> BT::NodeBuilder BT::[01;32m[KCreateBuilder[m[K(typename std::enable_if<(std::is_constructible<T, const std::__cxx11::basic_string<char, std::char_traits<char>, std::allocator<char> >&>::value && (! std::is_constructible<T, const std::__cxx11::basic_string<char, std::char_traits<char>, std::allocator<char> >&, const NodeConfiguration&>::value))>::type*)[m[Kâ€™
   69 | [01;36m[KCreateBuilder[m[K(typename std::enable_if<has_default_constructor<T>::value &&
      | [01;36m[K^~~~~~~~~~~~~[m[K
[01m[K/usr/local/include/behaviortree_cpp_v3/bt_factory.h:69:1:[m[K [01;36m[Knote: [m[K  template argument deduction/substitution failed:
/usr/local/include/behaviortree_cpp_v3/bt_factory.h: In substitution of â€˜[01m[Ktemplate<class T> BT::NodeBuilder BT::[01;32m[KCreateBuilder[m[K(typename std::enable_if<(std::is_constructible<T, const std::__cxx11::basic_string<char, std::char_traits<char>, std::allocator<char> >&>::value && (! std::is_constructible<T, const std::__cxx11::basic_string<char, std::char_traits<char>, std::allocator<char> >&, const NodeConfiguration&>::value))>::type*) [35m[K[with T = GoToTarget][m[K[m[Kâ€™:
[01m[K/usr/local/include/behaviortree_cpp_v3/bt_factory.h:418:60:[m[K   required from â€˜[01m[Kvoid BT::BehaviorTreeFactory::[01;32m[KregisterNodeType[m[K(const std::string&) [35m[K[with T = GoToTarget; std::string = std::__cxx11::basic_string<char>][m[K[m[Kâ€™
[01m[K/home/ribfli/test_ws/src/turtle_control_pkg/src/turtle_control.cpp:13:41:[m[K   required from here
[01m[K/usr/local/include/behaviortree_cpp_v3/bt_factory.h:69:67:[m[K [01;31m[Kerror: [m[Kâ€˜[01m[Kvalue[m[Kâ€™ is not a member of â€˜[01m[Kstd::is_constructible<GoToTarget, const std::__cxx11::basic_string<char, std::char_traits<char>, std::allocator<char> >&>[m[Kâ€™
   69 | ateBuilder(typename std::enable_if<has_default_constructor<T>::[01;31m[Kvalue[m[K &&
      |                                                                [01;31m[K^~~~~[m[K

[01m[K/usr/local/include/behaviortree_cpp_v3/bt_factory.h:70:67:[m[K [01;31m[Kerror: [m[Kâ€˜[01m[Kvalue[m[Kâ€™ is not a member of â€˜[01m[Kstd::is_constructible<GoToTarget, const std::__cxx11::basic_string<char, std::char_traits<char>, std::allocator<char> >&, const BT::NodeConfiguration&>[m[Kâ€™
   70 |                                 !has_params_constructor<T>::[01;31m[Kvalue[m[K>::type* = nullptr)
      |                                                             [01;31m[K^~~~~[m[K

gmake[2]: *** [CMakeFiles/turtle_control.dir/build.make:76: CMakeFiles/turtle_control.dir/src/turtle_control.cpp.o] Error 1
gmake[1]: *** [CMakeFiles/Makefile2:137: CMakeFiles/turtle_control.dir/all] Error 2
gmake: *** [Makefile:146: all] Error 2
