[0.273s] Invoking command in '/home/ribfli/test_ws/build/turtle_control_pkg': CMAKE_PREFIX_PATH=${CMAKE_PREFIX_PATH}:/home/ribfli/test_ws/install/nav2_mobile_robot:/opt/ros/jazzy DEBUGINFOD_URLS=https://debuginfod.ubuntu.com /usr/bin/cmake --build /home/ribfli/test_ws/build/turtle_control_pkg -- -j8 -l8
[0.352s] [ 50%] [32mBuilding CXX object CMakeFiles/turtle_control.dir/src/turtle_control.cpp.o[0m
[3.819s] [01m[K/home/ribfli/test_ws/src/turtle_control_pkg/src/turtle_control.cpp:[m[K In function â€˜[01m[Kint[01;32m[K main[m[K(int, char**)[m[Kâ€™:
[3.819s] [01m[K/home/ribfli/test_ws/src/turtle_control_pkg/src/turtle_control.cpp:18:24:[m[K [01;31m[Kerror: [m[Kâ€˜[01m[Kclass BT::Tree[m[Kâ€™ has no member named â€˜[01m[KtickOnce[m[Kâ€™
[3.819s]    18 |     auto status = tree.[01;31m[KtickOnce[m[K();
[3.820s]       |                        [01;31m[K^~~~~~~~[m[K
[3.820s] [01m[K/home/ribfli/test_ws/src/turtle_control_pkg/src/turtle_control.cpp:20:22:[m[K [01;31m[Kerror: [m[Kâ€˜[01m[KNodeStatus[m[Kâ€™ has not been declared
[3.820s]    20 |     while (status == [01;31m[KNodeStatus[m[K::RUNNING)
[3.820s]       |                      [01;31m[K^~~~~~~~~~[m[K
[3.820s] [01m[K/home/ribfli/test_ws/src/turtle_control_pkg/src/turtle_control.cpp:25:23:[m[K [01;31m[Kerror: [m[Kâ€˜[01m[Kclass BT::Tree[m[Kâ€™ has no member named â€˜[01m[KtickOnce[m[Kâ€™
[3.821s]    25 |         status = tree.[01;31m[KtickOnce[m[K();
[3.821s]       |                       [01;31m[K^~~~~~~~[m[K
[5.607s] gmake[2]: *** [CMakeFiles/turtle_control.dir/build.make:76: CMakeFiles/turtle_control.dir/src/turtle_control.cpp.o] Error 1
[5.607s] gmake[1]: *** [CMakeFiles/Makefile2:137: CMakeFiles/turtle_control.dir/all] Error 2
[5.608s] gmake: *** [Makefile:146: all] Error 2
[5.610s] Invoked command in '/home/ribfli/test_ws/build/turtle_control_pkg' returned '2': CMAKE_PREFIX_PATH=${CMAKE_PREFIX_PATH}:/home/ribfli/test_ws/install/nav2_mobile_robot:/opt/ros/jazzy DEBUGINFOD_URLS=https://debuginfod.ubuntu.com /usr/bin/cmake --build /home/ribfli/test_ws/build/turtle_control_pkg -- -j8 -l8
