[0.264s] Invoking command in '/home/ribfli/test_ws/build/turtle_control_pkg': CMAKE_PREFIX_PATH=${CMAKE_PREFIX_PATH}:/home/ribfli/test_ws/install/nav2_mobile_robot:/opt/ros/jazzy DEBUGINFOD_URLS=https://debuginfod.ubuntu.com /usr/bin/cmake --build /home/ribfli/test_ws/build/turtle_control_pkg -- -j8 -l8
[0.342s] [ 50%] [32mBuilding CXX object CMakeFiles/turtle_control.dir/src/turtle_control.cpp.o[0m
[0.731s] In file included from [01m[K/home/ribfli/test_ws/src/turtle_control_pkg/src/turtle_control.cpp:5[m[K:
[0.731s] [01m[K/home/ribfli/test_ws/src/turtle_control_pkg/include/turtle_control_pkg/bt_control.hpp:10:10:[m[K [01;31m[Kfatal error: [m[Ktf2/utils.h: No such file or directory
[0.731s]    10 | #include [01;31m[K<tf2/utils.h>[m[K
[0.731s]       |          [01;31m[K^~~~~~~~~~~~~[m[K
[0.731s] compilation terminated.
[0.735s] gmake[2]: *** [CMakeFiles/turtle_control.dir/build.make:76: CMakeFiles/turtle_control.dir/src/turtle_control.cpp.o] Error 1
[0.735s] gmake[1]: *** [CMakeFiles/Makefile2:137: CMakeFiles/turtle_control.dir/all] Error 2
[0.735s] gmake: *** [Makefile:146: all] Error 2
[0.737s] Invoked command in '/home/ribfli/test_ws/build/turtle_control_pkg' returned '2': CMAKE_PREFIX_PATH=${CMAKE_PREFIX_PATH}:/home/ribfli/test_ws/install/nav2_mobile_robot:/opt/ros/jazzy DEBUGINFOD_URLS=https://debuginfod.ubuntu.com /usr/bin/cmake --build /home/ribfli/test_ws/build/turtle_control_pkg -- -j8 -l8
