[ 50%] [32mBuilding CXX object CMakeFiles/turtle_control.dir/src/turtle_control.cpp.o[0m
[01m[K/home/ribfli/test_ws/src/turtle_control_pkg/src/turtle_control.cpp:[m[K In function â€˜[01m[Kint[01;32m[K main[m[K(int, char**)[m[Kâ€™:
[01m[K/home/ribfli/test_ws/src/turtle_control_pkg/src/turtle_control.cpp:23:9:[m[K [01;31m[Kerror: [m[Kâ€˜[01m[Kstatus[m[Kâ€™ was not declared in this scope; did you mean â€˜[01m[Kstatic[m[Kâ€™?
   23 |         [01;31m[Kstatus[m[K = tree.tickOnce();
      |         [01;31m[K^~~~~~[m[K
      |         [32m[Kstatic[m[K
[01m[K/home/ribfli/test_ws/src/turtle_control_pkg/src/turtle_control.cpp:23:23:[m[K [01;31m[Kerror: [m[Kâ€˜[01m[Kclass BT::Tree[m[Kâ€™ has no member named â€˜[01m[KtickOnce[m[Kâ€™
   23 |         status = tree.[01;31m[KtickOnce[m[K();
      |                       [01;31m[K^~~~~~~~[m[K
gmake[2]: *** [CMakeFiles/turtle_control.dir/build.make:76: CMakeFiles/turtle_control.dir/src/turtle_control.cpp.o] Error 1
gmake[1]: *** [CMakeFiles/Makefile2:137: CMakeFiles/turtle_control.dir/all] Error 2
gmake: *** [Makefile:146: all] Error 2
