[0.291s] Invoking command in '/home/ribfli/test_ws/build/turtle_control_pkg': CMAKE_PREFIX_PATH=${CMAKE_PREFIX_PATH}:/home/ribfli/test_ws/install/nav2_mobile_robot:/opt/ros/jazzy DEBUGINFOD_URLS=https://debuginfod.ubuntu.com /usr/bin/cmake --build /home/ribfli/test_ws/build/turtle_control_pkg -- -j8 -l8
[0.369s] [ 50%] [32mBuilding CXX object CMakeFiles/turtle_control.dir/src/turtle_control.cpp.o[0m
[3.841s] [01m[K/home/ribfli/test_ws/src/turtle_control_pkg/src/turtle_control.cpp:[m[K In function â€˜[01m[Kint[01;32m[K main[m[K(int, char**)[m[Kâ€™:
[3.841s] [01m[K/home/ribfli/test_ws/src/turtle_control_pkg/src/turtle_control.cpp:23:9:[m[K [01;31m[Kerror: [m[Kâ€˜[01m[Kstatus[m[Kâ€™ was not declared in this scope; did you mean â€˜[01m[Kstatic[m[Kâ€™?
[3.841s]    23 |         [01;31m[Kstatus[m[K = tree.tickOnce();
[3.841s]       |         [01;31m[K^~~~~~[m[K
[3.842s]       |         [32m[Kstatic[m[K
[3.842s] [01m[K/home/ribfli/test_ws/src/turtle_control_pkg/src/turtle_control.cpp:23:23:[m[K [01;31m[Kerror: [m[Kâ€˜[01m[Kclass BT::Tree[m[Kâ€™ has no member named â€˜[01m[KtickOnce[m[Kâ€™
[3.842s]    23 |         status = tree.[01;31m[KtickOnce[m[K();
[3.842s]       |                       [01;31m[K^~~~~~~~[m[K
[5.666s] gmake[2]: *** [CMakeFiles/turtle_control.dir/build.make:76: CMakeFiles/turtle_control.dir/src/turtle_control.cpp.o] Error 1
[5.666s] gmake[1]: *** [CMakeFiles/Makefile2:137: CMakeFiles/turtle_control.dir/all] Error 2
[5.666s] gmake: *** [Makefile:146: all] Error 2
[5.669s] Invoked command in '/home/ribfli/test_ws/build/turtle_control_pkg' returned '2': CMAKE_PREFIX_PATH=${CMAKE_PREFIX_PATH}:/home/ribfli/test_ws/install/nav2_mobile_robot:/opt/ros/jazzy DEBUGINFOD_URLS=https://debuginfod.ubuntu.com /usr/bin/cmake --build /home/ribfli/test_ws/build/turtle_control_pkg -- -j8 -l8
