In file included from [01m[K/home/ribfli/test_ws/src/turtle_control_pkg/src/turtle_control.cpp:5[m[K:
[01m[K/home/ribfli/test_ws/src/turtle_control_pkg/include/turtle_control_pkg/bt_control.hpp:[m[K In member function â€˜[01m[Kvoid GoToTarget::[01;32m[KodomCallback[m[K(nav_msgs::msg::Odometry_<std::allocator<void> >::SharedPtr)[m[Kâ€™:
[01m[K/home/ribfli/test_ws/src/turtle_control_pkg/include/turtle_control_pkg/bt_control.hpp:109:22:[m[K [01;31m[Kerror: [m[Kâ€˜[01m[Ktf2[m[Kâ€™ has not been declared
  109 |         robot_yaw_ = [01;31m[Ktf2[m[K::getYaw(msg->pose.pose.orientation);
      |                      [01;31m[K^~~[m[K
[01m[K/home/ribfli/test_ws/src/turtle_control_pkg/src/turtle_control.cpp:[m[K At global scope:
[01m[K/home/ribfli/test_ws/src/turtle_control_pkg/src/turtle_control.cpp:7:1:[m[K [01;31m[Kerror: [m[Ka storage class can only be specified for objects and functions
    7 | [01;31m[Kextern[m[K class GoToTarget;
      | [01;31m[K^~~~~~[m[K
gmake[2]: *** [CMakeFiles/turtle_control.dir/build.make:76: CMakeFiles/turtle_control.dir/src/turtle_control.cpp.o] Error 1
gmake[1]: *** [CMakeFiles/Makefile2:137: CMakeFiles/turtle_control.dir/all] Error 2
gmake: *** [Makefile:146: all] Error 2
