In file included from [01m[K/home/ribfli/test_ws/src/turtle_control_pkg/src/turtle_control.cpp:5[m[K:
[01m[K/home/ribfli/test_ws/src/turtle_control_pkg/include/turtle_control_pkg/bt_control.hpp:[m[K In member function â€˜[01m[Kvirtual BT::NodeStatus GoToTarget::[01;32m[KonStart[m[K()[m[Kâ€™:
[01m[K/home/ribfli/test_ws/src/turtle_control_pkg/include/turtle_control_pkg/bt_control.hpp:38:53:[m[K [01;31m[Kerror: [m[Kunable to find numeric literal operator â€˜[01m[Koperator""s[m[Kâ€™
   38 |         if (!action_client_->wait_for_action_server([01;31m[K2s[m[K))
      |                                                     [01;31m[K^~[m[K
[01m[K/home/ribfli/test_ws/src/turtle_control_pkg/include/turtle_control_pkg/bt_control.hpp:[m[K In member function â€˜[01m[Kgeometry_msgs::msg::PoseStamped GoToTarget::[01;32m[KmakePose[m[K(double, double, double)[m[Kâ€™:
[01m[K/home/ribfli/test_ws/src/turtle_control_pkg/include/turtle_control_pkg/bt_control.hpp:98:9:[m[K [01;31m[Kerror: [m[Kâ€˜[01m[Ktf2[m[Kâ€™ has not been declared
   98 |         [01;31m[Ktf2[m[K::Quaternion q;
      |         [01;31m[K^~~[m[K
[01m[K/home/ribfli/test_ws/src/turtle_control_pkg/include/turtle_control_pkg/bt_control.hpp:99:9:[m[K [01;31m[Kerror: [m[Kâ€˜[01m[Kq[m[Kâ€™ was not declared in this scope
   99 |         [01;31m[Kq[m[K.setRPY(0, 0, yaw);
      |         [01;31m[K^[m[K
[01m[K/home/ribfli/test_ws/src/turtle_control_pkg/include/turtle_control_pkg/bt_control.hpp:100:33:[m[K [01;31m[Kerror: [m[Kâ€˜[01m[Ktf2[m[Kâ€™ has not been declared
  100 |         pose.pose.orientation = [01;31m[Ktf2[m[K::toMsg(q);
      |                                 [01;31m[K^~~[m[K
gmake[2]: *** [CMakeFiles/turtle_control.dir/build.make:76: CMakeFiles/turtle_control.dir/src/turtle_control.cpp.o] Error 1
gmake[1]: *** [CMakeFiles/Makefile2:137: CMakeFiles/turtle_control.dir/all] Error 2
gmake: *** [Makefile:146: all] Error 2
